<?xml version="1.0" encoding="UTF-8"?>
<!-- Generated by org.testng.reporters.JUnitReportReporter -->
<testsuite skipped="0" hostname="MacBook-Pro-2.local" name="com.testScript.GoogleTest01" tests="1" failures="0" timestamp="25 Apr 2018 03:06:05 GMT" time="4.738" errors="0">
  <testcase name="gotoGooglePage" time="4.738" classname="com.testScript.GoogleTest01"/>
</testsuite> <!-- com.testScript.GoogleTest01 -->
