<?xml version="1.0" encoding="UTF-8"?>
<!-- Generated by org.testng.reporters.JUnitReportReporter -->
<testsuite skipped="0" hostname="MacBook-Pro-2.local" name="com.testScript.BrokenLinkTest" tests="1" failures="0" timestamp="25 Apr 2018 03:06:05 GMT" time="10.403" errors="0">
  <testcase name="testBrokenLink" time="10.403" classname="com.testScript.BrokenLinkTest"/>
</testsuite> <!-- com.testScript.BrokenLinkTest -->
