<?xml version="1.0" encoding="UTF-8"?>
<!-- Generated by org.testng.reporters.JUnitReportReporter -->
<testsuite skipped="0" hostname="MacBook-Pro-2.local" name="com.testScript.BrokenLinkTest" tests="1" failures="0" timestamp="24 Apr 2018 18:29:16 GMT" time="14.201" errors="0">
  <testcase name="testBrokenLink" time="14.201" classname="com.testScript.BrokenLinkTest"/>
</testsuite> <!-- com.testScript.BrokenLinkTest -->
